2020-09-01 19:41:08,840 DEBUG [default] [smallville7123@unknown-host] [void Hardware<T>::Flop<CAPACITY>::push_input(T&&) [with int CAPACITY = 1; T = bool]] [..ville7123/AndroidCompositor/app/src/main/jni/GLIS/dependancies/pipeline/src/hardware/hardware.cpp:81] Logger [hardware] is not registered yet!
2020-09-01 19:41:08,840 DEBUG [default] [smallville7123@unknown-host] [void Hardware<T>::Flop<CAPACITY>::push_input(T&&) [with int CAPACITY = 1; T = bool]] [..ville7123/AndroidCompositor/app/src/main/jni/GLIS/dependancies/pipeline/src/hardware/hardware.cpp:82] Logger [hardware] is not registered yet!
2020-09-01 19:41:08,840 DEBUG [default] [smallville7123@unknown-host] [void Hardware<T>::Flop<CAPACITY>::push_input(T&&) [with int CAPACITY = 1; T = bool]] [..ville7123/AndroidCompositor/app/src/main/jni/GLIS/dependancies/pipeline/src/hardware/hardware.cpp:84] Logger [hardware] is not registered yet!
2020-09-01 19:41:08,840 DEBUG [default] [smallville7123@unknown-host] [void Hardware<T>::Flop<CAPACITY>::push_input(T&&) [with int CAPACITY = 1; T = bool]] [..ville7123/AndroidCompositor/app/src/main/jni/GLIS/dependancies/pipeline/src/hardware/hardware.cpp:85] Logger [hardware] is not registered yet!
2020-09-01 19:41:08,840 DEBUG [default] [smallville7123@unknown-host] [void Hardware<T>::Flop<CAPACITY>::exec() [with int CAPACITY = 1; T = bool]] [..ville7123/AndroidCompositor/app/src/main/jni/GLIS/dependancies/pipeline/src/hardware/hardware.cpp:121] Logger [hardware] is not registered yet!
2020-09-01 19:41:08,840 DEBUG [default] [smallville7123@unknown-host] [T Hardware<T>::Flop<CAPACITY>::pull_input() [with int CAPACITY = 1; T = bool]] [..ville7123/AndroidCompositor/app/src/main/jni/GLIS/dependancies/pipeline/src/hardware/hardware.cpp:99] Logger [hardware] is not registered yet!
2020-09-01 19:41:08,840 DEBUG [default] [smallville7123@unknown-host] [T Hardware<T>::Flop<CAPACITY>::pull_input() [with int CAPACITY = 1; T = bool]] [..ville7123/AndroidCompositor/app/src/main/jni/GLIS/dependancies/pipeline/src/hardware/hardware.cpp:100] Logger [hardware] is not registered yet!
2020-09-01 19:41:08,840 DEBUG [default] [smallville7123@unknown-host] [T Hardware<T>::Flop<CAPACITY>::pull_input() [with int CAPACITY = 1; T = bool]] [..ville7123/AndroidCompositor/app/src/main/jni/GLIS/dependancies/pipeline/src/hardware/hardware.cpp:103] Logger [hardware] is not registered yet!
2020-09-01 19:41:08,840 DEBUG [default] [smallville7123@unknown-host] [T Hardware<T>::Flop<CAPACITY>::pull_input() [with int CAPACITY = 1; T = bool]] [..ville7123/AndroidCompositor/app/src/main/jni/GLIS/dependancies/pipeline/src/hardware/hardware.cpp:104] Logger [hardware] is not registered yet!
2020-09-01 19:41:08,840 DEBUG [default] [smallville7123@unknown-host] [void Hardware<T>::Flop<CAPACITY>::push_output(T&&) [with int CAPACITY = 1; T = bool]] [..ville7123/AndroidCompositor/app/src/main/jni/GLIS/dependancies/pipeline/src/hardware/hardware.cpp:90] Logger [hardware] is not registered yet!
2020-09-01 19:41:08,840 DEBUG [default] [smallville7123@unknown-host] [void Hardware<T>::Flop<CAPACITY>::push_output(T&&) [with int CAPACITY = 1; T = bool]] [..ville7123/AndroidCompositor/app/src/main/jni/GLIS/dependancies/pipeline/src/hardware/hardware.cpp:91] Logger [hardware] is not registered yet!
2020-09-01 19:41:08,840 DEBUG [default] [smallville7123@unknown-host] [void Hardware<T>::Flop<CAPACITY>::push_output(T&&) [with int CAPACITY = 1; T = bool]] [..ville7123/AndroidCompositor/app/src/main/jni/GLIS/dependancies/pipeline/src/hardware/hardware.cpp:93] Logger [hardware] is not registered yet!
2020-09-01 19:41:08,841 DEBUG [default] [smallville7123@unknown-host] [void Hardware<T>::Flop<CAPACITY>::push_output(T&&) [with int CAPACITY = 1; T = bool]] [..ville7123/AndroidCompositor/app/src/main/jni/GLIS/dependancies/pipeline/src/hardware/hardware.cpp:94] Logger [hardware] is not registered yet!
2020-09-01 19:41:08,841 DEBUG [default] [smallville7123@unknown-host] [T Hardware<T>::Flop<CAPACITY>::pull_output() [with int CAPACITY = 1; T = bool]] [..ville7123/AndroidCompositor/app/src/main/jni/GLIS/dependancies/pipeline/src/hardware/hardware.cpp:110] Logger [hardware] is not registered yet!
2020-09-01 19:41:08,841 DEBUG [default] [smallville7123@unknown-host] [T Hardware<T>::Flop<CAPACITY>::pull_output() [with int CAPACITY = 1; T = bool]] [..ville7123/AndroidCompositor/app/src/main/jni/GLIS/dependancies/pipeline/src/hardware/hardware.cpp:111] Logger [hardware] is not registered yet!
2020-09-01 19:41:08,841 DEBUG [default] [smallville7123@unknown-host] [T Hardware<T>::Flop<CAPACITY>::pull_output() [with int CAPACITY = 1; T = bool]] [..ville7123/AndroidCompositor/app/src/main/jni/GLIS/dependancies/pipeline/src/hardware/hardware.cpp:114] Logger [hardware] is not registered yet!
2020-09-01 19:41:08,841 DEBUG [default] [smallville7123@unknown-host] [T Hardware<T>::Flop<CAPACITY>::pull_output() [with int CAPACITY = 1; T = bool]] [..ville7123/AndroidCompositor/app/src/main/jni/GLIS/dependancies/pipeline/src/hardware/hardware.cpp:115] Logger [hardware] is not registered yet!
2020-09-01 19:41:54,084 DEBUG [default] [smallville7123@unknown-host] [void Hardware<T>::Flop<CAPACITY>::push_input(T&&) [with int CAPACITY = 1; T = bool]] [..ville7123/AndroidCompositor/app/src/main/jni/GLIS/dependancies/pipeline/src/hardware/hardware.cpp:81] Logger [hardware] is not registered yet!
2020-09-01 19:41:54,084 DEBUG [default] [smallville7123@unknown-host] [void Hardware<T>::Flop<CAPACITY>::push_input(T&&) [with int CAPACITY = 1; T = bool]] [..ville7123/AndroidCompositor/app/src/main/jni/GLIS/dependancies/pipeline/src/hardware/hardware.cpp:82] Logger [hardware] is not registered yet!
2020-09-01 19:41:54,084 DEBUG [default] [smallville7123@unknown-host] [void Hardware<T>::Flop<CAPACITY>::push_input(T&&) [with int CAPACITY = 1; T = bool]] [..ville7123/AndroidCompositor/app/src/main/jni/GLIS/dependancies/pipeline/src/hardware/hardware.cpp:84] Logger [hardware] is not registered yet!
2020-09-01 19:41:54,084 DEBUG [default] [smallville7123@unknown-host] [void Hardware<T>::Flop<CAPACITY>::push_input(T&&) [with int CAPACITY = 1; T = bool]] [..ville7123/AndroidCompositor/app/src/main/jni/GLIS/dependancies/pipeline/src/hardware/hardware.cpp:85] Logger [hardware] is not registered yet!
2020-09-01 19:41:54,085 DEBUG [default] [smallville7123@unknown-host] [void Hardware<T>::Flop<CAPACITY>::exec() [with int CAPACITY = 1; T = bool]] [..ville7123/AndroidCompositor/app/src/main/jni/GLIS/dependancies/pipeline/src/hardware/hardware.cpp:121] Logger [hardware] is not registered yet!
2020-09-01 19:41:54,085 DEBUG [default] [smallville7123@unknown-host] [T&& Hardware<T>::Flop<CAPACITY>::pull_input() [with int CAPACITY = 1; T = bool]] [..ville7123/AndroidCompositor/app/src/main/jni/GLIS/dependancies/pipeline/src/hardware/hardware.cpp:99] Logger [hardware] is not registered yet!
2020-09-01 19:41:54,085 DEBUG [default] [smallville7123@unknown-host] [T&& Hardware<T>::Flop<CAPACITY>::pull_input() [with int CAPACITY = 1; T = bool]] [..ville7123/AndroidCompositor/app/src/main/jni/GLIS/dependancies/pipeline/src/hardware/hardware.cpp:100] Logger [hardware] is not registered yet!
2020-09-01 19:41:54,085 DEBUG [default] [smallville7123@unknown-host] [T&& Hardware<T>::Flop<CAPACITY>::pull_input() [with int CAPACITY = 1; T = bool]] [..ville7123/AndroidCompositor/app/src/main/jni/GLIS/dependancies/pipeline/src/hardware/hardware.cpp:103] Logger [hardware] is not registered yet!
2020-09-01 19:41:54,085 DEBUG [default] [smallville7123@unknown-host] [T&& Hardware<T>::Flop<CAPACITY>::pull_input() [with int CAPACITY = 1; T = bool]] [..ville7123/AndroidCompositor/app/src/main/jni/GLIS/dependancies/pipeline/src/hardware/hardware.cpp:104] Logger [hardware] is not registered yet!
2020-09-01 19:41:54,085 DEBUG [default] [smallville7123@unknown-host] [void Hardware<T>::Flop<CAPACITY>::push_output(T&&) [with int CAPACITY = 1; T = bool]] [..ville7123/AndroidCompositor/app/src/main/jni/GLIS/dependancies/pipeline/src/hardware/hardware.cpp:90] Logger [hardware] is not registered yet!
2020-09-01 19:41:54,085 DEBUG [default] [smallville7123@unknown-host] [void Hardware<T>::Flop<CAPACITY>::push_output(T&&) [with int CAPACITY = 1; T = bool]] [..ville7123/AndroidCompositor/app/src/main/jni/GLIS/dependancies/pipeline/src/hardware/hardware.cpp:91] Logger [hardware] is not registered yet!
2020-09-01 19:42:20,861 DEBUG [default] [smallville7123@unknown-host] [void Hardware<T>::Flop<CAPACITY>::push_input(T&&) [with int CAPACITY = 1; T = bool]] [..ville7123/AndroidCompositor/app/src/main/jni/GLIS/dependancies/pipeline/src/hardware/hardware.cpp:81] Logger [hardware] is not registered yet!
2020-09-01 19:42:20,861 DEBUG [default] [smallville7123@unknown-host] [void Hardware<T>::Flop<CAPACITY>::push_input(T&&) [with int CAPACITY = 1; T = bool]] [..ville7123/AndroidCompositor/app/src/main/jni/GLIS/dependancies/pipeline/src/hardware/hardware.cpp:82] Logger [hardware] is not registered yet!
2020-09-01 19:42:20,862 DEBUG [default] [smallville7123@unknown-host] [void Hardware<T>::Flop<CAPACITY>::push_input(T&&) [with int CAPACITY = 1; T = bool]] [..ville7123/AndroidCompositor/app/src/main/jni/GLIS/dependancies/pipeline/src/hardware/hardware.cpp:84] Logger [hardware] is not registered yet!
2020-09-01 19:42:20,862 DEBUG [default] [smallville7123@unknown-host] [void Hardware<T>::Flop<CAPACITY>::push_input(T&&) [with int CAPACITY = 1; T = bool]] [..ville7123/AndroidCompositor/app/src/main/jni/GLIS/dependancies/pipeline/src/hardware/hardware.cpp:85] Logger [hardware] is not registered yet!
2020-09-01 19:42:20,862 DEBUG [default] [smallville7123@unknown-host] [void Hardware<T>::Flop<CAPACITY>::exec() [with int CAPACITY = 1; T = bool]] [..ville7123/AndroidCompositor/app/src/main/jni/GLIS/dependancies/pipeline/src/hardware/hardware.cpp:121] Logger [hardware] is not registered yet!
2020-09-01 19:42:20,862 DEBUG [default] [smallville7123@unknown-host] [T&& Hardware<T>::Flop<CAPACITY>::pull_input() [with int CAPACITY = 1; T = bool]] [..ville7123/AndroidCompositor/app/src/main/jni/GLIS/dependancies/pipeline/src/hardware/hardware.cpp:99] Logger [hardware] is not registered yet!
2020-09-01 19:42:20,862 DEBUG [default] [smallville7123@unknown-host] [T&& Hardware<T>::Flop<CAPACITY>::pull_input() [with int CAPACITY = 1; T = bool]] [..ville7123/AndroidCompositor/app/src/main/jni/GLIS/dependancies/pipeline/src/hardware/hardware.cpp:100] Logger [hardware] is not registered yet!
2020-09-01 19:42:20,862 DEBUG [default] [smallville7123@unknown-host] [T&& Hardware<T>::Flop<CAPACITY>::pull_input() [with int CAPACITY = 1; T = bool]] [..ville7123/AndroidCompositor/app/src/main/jni/GLIS/dependancies/pipeline/src/hardware/hardware.cpp:103] Logger [hardware] is not registered yet!
2020-09-01 19:42:20,862 DEBUG [default] [smallville7123@unknown-host] [T&& Hardware<T>::Flop<CAPACITY>::pull_input() [with int CAPACITY = 1; T = bool]] [..ville7123/AndroidCompositor/app/src/main/jni/GLIS/dependancies/pipeline/src/hardware/hardware.cpp:104] Logger [hardware] is not registered yet!
2020-09-01 19:42:20,862 DEBUG [default] [smallville7123@unknown-host] [void Hardware<T>::Flop<CAPACITY>::push_output(T&&) [with int CAPACITY = 1; T = bool]] [..ville7123/AndroidCompositor/app/src/main/jni/GLIS/dependancies/pipeline/src/hardware/hardware.cpp:90] Logger [hardware] is not registered yet!
2020-09-01 19:42:20,862 DEBUG [default] [smallville7123@unknown-host] [void Hardware<T>::Flop<CAPACITY>::push_output(T&&) [with int CAPACITY = 1; T = bool]] [..ville7123/AndroidCompositor/app/src/main/jni/GLIS/dependancies/pipeline/src/hardware/hardware.cpp:91] Logger [hardware] is not registered yet!
2020-09-01 19:42:20,862 DEBUG [default] [smallville7123@unknown-host] [void Hardware<T>::Flop<CAPACITY>::push_output(T&&) [with int CAPACITY = 1; T = bool]] [..ville7123/AndroidCompositor/app/src/main/jni/GLIS/dependancies/pipeline/src/hardware/hardware.cpp:93] Logger [hardware] is not registered yet!
2020-09-01 19:42:20,862 DEBUG [default] [smallville7123@unknown-host] [void Hardware<T>::Flop<CAPACITY>::push_output(T&&) [with int CAPACITY = 1; T = bool]] [..ville7123/AndroidCompositor/app/src/main/jni/GLIS/dependancies/pipeline/src/hardware/hardware.cpp:94] Logger [hardware] is not registered yet!
2020-09-01 19:42:20,862 DEBUG [default] [smallville7123@unknown-host] [T&& Hardware<T>::Flop<CAPACITY>::pull_output() [with int CAPACITY = 1; T = bool]] [..ville7123/AndroidCompositor/app/src/main/jni/GLIS/dependancies/pipeline/src/hardware/hardware.cpp:110] Logger [hardware] is not registered yet!
2020-09-01 19:42:20,862 DEBUG [default] [smallville7123@unknown-host] [T&& Hardware<T>::Flop<CAPACITY>::pull_output() [with int CAPACITY = 1; T = bool]] [..ville7123/AndroidCompositor/app/src/main/jni/GLIS/dependancies/pipeline/src/hardware/hardware.cpp:111] Logger [hardware] is not registered yet!
2020-09-01 19:42:20,862 DEBUG [default] [smallville7123@unknown-host] [T&& Hardware<T>::Flop<CAPACITY>::pull_output() [with int CAPACITY = 1; T = bool]] [..ville7123/AndroidCompositor/app/src/main/jni/GLIS/dependancies/pipeline/src/hardware/hardware.cpp:114] Logger [hardware] is not registered yet!
2020-09-01 19:42:20,862 DEBUG [default] [smallville7123@unknown-host] [T&& Hardware<T>::Flop<CAPACITY>::pull_output() [with int CAPACITY = 1; T = bool]] [..ville7123/AndroidCompositor/app/src/main/jni/GLIS/dependancies/pipeline/src/hardware/hardware.cpp:115] Logger [hardware] is not registered yet!
[hardware:INFO] [FLOP   ] pushing input
[hardware:INFO] [FLOP   ] input->size(): 0
[hardware:INFO] [FLOP   ] pushed input
[hardware:INFO] [FLOP   ] input->size(): 1
[hardware:INFO] [FLOP   ] input->front(): 0x55e3a1f25540
[hardware:INFO] [FLOP   ] pulling input
[hardware:INFO] [FLOP   ] input->size(): 1
[hardware:INFO] [FLOP   ] pulled input
[hardware:INFO] [FLOP   ] input->size(): 0
[hardware:INFO] [FLOP   ] pushing output
[hardware:INFO] [FLOP   ] output->size(): 0
[hardware:INFO] [FLOP   ] pushed ouput
[hardware:INFO] [FLOP   ] output->size(): 1
[hardware:INFO] [FLOP   ] pulling output
[hardware:INFO] [FLOP   ] output->size(): 1
[hardware:INFO] [FLOP   ] pulled output
[hardware:INFO] [FLOP   ] output->size(): 0
[hardware:INFO] [FLOP   ] pushing input
[hardware:INFO] [FLOP   ] input->size(): 0
[hardware:INFO] [FLOP   ] pushed input
[hardware:INFO] [FLOP   ] input->size(): 1
[hardware:INFO] [FLOP   ] input->front(): 0x5640b9876540
[hardware:INFO] [FLOP   ] pulling input
[hardware:INFO] [FLOP   ] input->size(): 1
[hardware:INFO] [FLOP   ] pulled input
[hardware:INFO] [FLOP   ] input->size(): 0
[hardware:INFO] [FLOP   ] pushing output
[hardware:INFO] [FLOP   ] output->size(): 0
[hardware:INFO] [FLOP   ] pushed ouput
[hardware:INFO] [FLOP   ] output->size(): 1
[hardware:INFO] [FLOP   ] pulling output
[hardware:INFO] [FLOP   ] output->size(): 1
[hardware:INFO] [FLOP   ] pulled output
[hardware:INFO] [FLOP   ] output->size(): 0
[hardware:INFO] [FLOP   ] pushing input
[hardware:INFO] [FLOP   ] input->size(): 0
[hardware:INFO] [FLOP   ] pushed input
[hardware:INFO] [FLOP   ] input->size(): 1
[hardware:INFO] [FLOP   ] input->front(): 0x5613bab86540
[hardware:INFO] [FLOP   ] pulling input
[hardware:INFO] [FLOP   ] input->size(): 1
[hardware:INFO] [FLOP   ] pulled input
[hardware:INFO] [FLOP   ] input->size(): 0
[hardware:INFO] [FLOP   ] pushing output
[hardware:INFO] [FLOP   ] output->size(): 0
[hardware:INFO] [FLOP   ] pushed ouput
[hardware:INFO] [FLOP   ] output->size(): 1
[hardware:INFO] copy: 1
[hardware:INFO] input: 1
[hardware:INFO] copy: 1
[hardware:INFO] input: 1
[hardware:INFO] copy: 1
[hardware:INFO] input: 1
[hardware:INFO] start->outputs: [B, C]
[hardware:INFO] id: A
[hardware:INFO] copy: 1
[hardware:INFO] output: 1
[hardware:INFO] input: 1
[hardware:INFO] id: A
[hardware:INFO] copy: 1
[hardware:INFO] output: 1
[hardware:INFO] input: 1
[hardware:INFO] copy: 1
[hardware:INFO] input: 1
[hardware:INFO] start->outputs: [B, C]
[hardware:INFO] out_id: B
[hardware:INFO] copy: 1
[hardware:INFO] input: 1
[hardware:INFO] start->outputs: [B, C]
[hardware:INFO] out_id: B
[hardware:INFO] copy: 1
[hardware:INFO] output: 1
[hardware:INFO] input: 1
[hardware:INFO] out_id: C
[hardware:INFO] copy: 1
[hardware:INFO] output: 1
[hardware:INFO] input: 1
[hardware:INFO] copy: 1
[hardware:INFO] input: 1
[hardware:INFO] start->outputs: [B, C]
[hardware:INFO] out_id: B
[hardware:INFO] copy: 1
[hardware:INFO] output: 1
[hardware:INFO] input: 1
[hardware:INFO] out_id: C
[hardware:INFO] copy: 1
[hardware:INFO] output: 1
[hardware:INFO] input: 1
[hardware:INFO] copy: 1
[hardware:INFO] input: 1
[hardware:INFO] start->outputs: [B, C]
[hardware:INFO] out_id: B
[hardware:INFO] copy: 1
[hardware:INFO] output: 1
[hardware:INFO] input: 1
[hardware:INFO] out_id: C
[hardware:INFO] copy: 1
[hardware:INFO] output: 1
[hardware:INFO] input: 1
[hardware:INFO] copy: 1
[hardware:INFO] input: 1
[hardware:INFO] start->outputs: [B, C]
[hardware:INFO] out_id: B
[hardware:INFO] copy: 1
[hardware:INFO] output: 1
[hardware:INFO] input: 1
[hardware:INFO] out_id: C
[hardware:INFO] copy: 1
[hardware:INFO] output: 1
[hardware:INFO] input: 1
[hardware:INFO] copy: 1
[hardware:INFO] input: 1
[hardware:INFO] start->outputs: [B, C]
[hardware:INFO] out_id: B
[hardware:INFO] copy: 1
[hardware:INFO] output: 1
[hardware:INFO] input: 1
[hardware:INFO] out_id: C
[hardware:INFO] copy: 1
[hardware:INFO] output: 1
[hardware:INFO] input: 1
[hardware:INFO] copy: 1
[hardware:INFO] input: 1
[hardware:INFO] start->outputs: [B, C]
[hardware:INFO] out_id: B
[hardware:INFO] copy: 1
[hardware:INFO] output: 1
[hardware:INFO] input: 1
[hardware:INFO] out_id: C
[hardware:INFO] copy: 1
[hardware:INFO] output: 1
[hardware:INFO] input: 1
[hardware:INFO] copy: 1
[hardware:INFO] input: 1
[hardware:INFO] start->outputs: [B, C]
[hardware:INFO] out_id: B
[hardware:INFO] copy: 1
[hardware:INFO] output: 1
[hardware:INFO] input: 1
[hardware:INFO] out_id: C
[hardware:INFO] copy: 1
[hardware:INFO] output: 1
[hardware:INFO] input: 1
[hardware:INFO] copy: 1
[hardware:INFO] input: 1
[hardware:INFO] start->outputs: [B, C]
[hardware:INFO] out_id: B
[hardware:INFO] copy: 1
[hardware:INFO] output: 1
[hardware:INFO] input: 1
[hardware:INFO] out_id: C
[hardware:INFO] copy: 1
[hardware:INFO] output: 1
[hardware:INFO] input: 1
[hardware:INFO] copy: 1
[hardware:INFO] input: 1
[hardware:INFO] start->outputs: [B, C]
[hardware:INFO] out_id: B
[hardware:INFO] copy: 1
[hardware:INFO] output: 1
[hardware:INFO] input: 1
[hardware:INFO] out_id: C
[hardware:INFO] copy: 1
[hardware:INFO] output: 1
[hardware:INFO] input: 1
[hardware:INFO] copy: 1
[hardware:INFO] input: 1
[hardware:INFO] start->outputs: [B, C]
[hardware:INFO] out_id: B
[hardware:INFO] copy: 1
[hardware:INFO] output: 1
[hardware:INFO] input: 1
[hardware:INFO] out_id: C
[hardware:INFO] copy: 1
[hardware:INFO] output: 1
[hardware:INFO] input: 1
[hardware:INFO] copy: 1
[hardware:INFO] input: 1
[hardware:INFO] start->outputs: [B, C]
[hardware:INFO] out_id: B
[hardware:INFO] copy: 1
[hardware:INFO] output: 1
[hardware:INFO] input: 1
[hardware:INFO] out_id: C
[hardware:INFO] copy: 1
[hardware:INFO] output: 1
[hardware:INFO] input: 1
[hardware:INFO] copy: 1
[hardware:INFO] input: 1
[hardware:INFO] start->outputs: [B, C]
[hardware:INFO] out_id: B
[hardware:INFO] copy: 1
[hardware:INFO] output: 1
[hardware:INFO] input: 1
[hardware:INFO] out_id: C
[hardware:INFO] copy: 1
[hardware:INFO] output: 1
[hardware:INFO] input: 1
[hardware:INFO] copy: 1
[hardware:INFO] input: 1
[hardware:INFO] start->outputs: [B, C]
[hardware:INFO] out_id: B
[hardware:INFO] copy: 1
[hardware:INFO] output: 1
[hardware:INFO] input: 1
[hardware:INFO] out_id: C
[hardware:INFO] copy: 1
[hardware:INFO] output: 1
[hardware:INFO] input: 1
[hardware:INFO] copy: 1
[hardware:INFO] input: 1
[hardware:INFO] start->outputs: [B, C]
[hardware:INFO] out_id: B
[hardware:INFO] copy: 1
[hardware:INFO] output: 1
[hardware:INFO] input: 1
[hardware:INFO] out_id: C
[hardware:INFO] copy: 1
[hardware:INFO] output: 1
[hardware:INFO] input: 1
[hardware:INFO] copy: 1
[hardware:INFO] input: 1
[hardware:INFO] start->outputs: [B, C]
[hardware:INFO] out_id: B
[hardware:INFO] copy: 1
[hardware:INFO] output: 1
[hardware:INFO] input: 1
[hardware:INFO] out_id: C
[hardware:INFO] copy: 1
[hardware:INFO] output: 1
[hardware:INFO] input: 1
[hardware:INFO] copy: 1
[hardware:INFO] input: 1
[hardware:INFO] start->outputs: [B, C]
[hardware:INFO] out_id: B
[hardware:INFO] copy: 1
[hardware:INFO] output: 1
[hardware:INFO] input: 1
[hardware:INFO] out_id: C
[hardware:INFO] copy: 1
[hardware:INFO] output: 1
[hardware:INFO] input: 1
[hardware:INFO] copy: 1
[hardware:INFO] input: 1
[hardware:INFO] start->outputs: [B, C]
[hardware:INFO] out_id: B
[hardware:INFO] copy: 1
[hardware:INFO] output: 1
[hardware:INFO] input: 1
[hardware:INFO] out_id: C
[hardware:INFO] copy: 1
[hardware:INFO] output: 1
[hardware:INFO] input: 1
[hardware:INFO] copy: 1
[hardware:INFO] input: 1
[hardware:INFO] start->outputs: [B, C]
[hardware:INFO] out_id: B
[hardware:INFO] copy: 1
[hardware:INFO] output: 1
[hardware:INFO] input: 1
[hardware:INFO] out_id: C
[hardware:INFO] copy: 1
[hardware:INFO] output: 1
[hardware:INFO] input: 1
[hardware:INFO] copy: 1
[hardware:INFO] input: 1
[hardware:INFO] start->outputs: [B, C]
[hardware:INFO] out_id: B
[hardware:INFO] copy: 1
[hardware:INFO] output: 1
[hardware:INFO] input: 1
[hardware:INFO] out_id: C
[hardware:INFO] copy: 1
[hardware:INFO] output: 1
[hardware:INFO] input: 1
[hardware:INFO] copy: 1
[hardware:INFO] input: 1
[hardware:INFO] start->outputs: [B, C]
[hardware:INFO] out_id: B
[hardware:INFO] copy: 1
[hardware:INFO] output: 1
[hardware:INFO] input: 1
[hardware:INFO] out_id: C
[hardware:INFO] copy: 1
[hardware:INFO] output: 1
[hardware:INFO] input: 1
[hardware:INFO] copy: 1
[hardware:INFO] input: 1
[hardware:INFO] start->outputs: [B, C]
[hardware:INFO] out_id: B
[hardware:INFO] copy: 1
[hardware:INFO] output: 1
[hardware:INFO] input: 1
[hardware:INFO] out_id: C
[hardware:INFO] copy: 1
[hardware:INFO] output: 1
[hardware:INFO] input: 1
[hardware:INFO] copy: 1
[hardware:INFO] input: 1
[hardware:INFO] start->outputs: [B, C]
[hardware:INFO] out_id: B
[hardware:INFO] copy: 1
[hardware:INFO] output: 1
[hardware:INFO] input: 1
[hardware:INFO] out_id: C
[hardware:INFO] copy: 1
[hardware:INFO] output: 1
[hardware:INFO] input: 1
[hardware:INFO] copy: 1
[hardware:INFO] input: 1
[hardware:INFO] start->outputs: [B]
[hardware:INFO] out_id: B
[hardware:INFO] copy: 1
[hardware:INFO] output: 1
[hardware:INFO] input: 1
[hardware:INFO] copy: 1
[hardware:INFO] input: 1
[hardware:INFO] start->outputs: [B]
[hardware:INFO] out_id: B
[hardware:INFO] copy: 1
[hardware:INFO] output: 1
[hardware:INFO] input: 1
[hardware:INFO] out_id: B
[hardware:INFO] out_id: B
2020-09-02 16:40:15,398 FATAL [default] Check failed: [find_wire(wire_2) != nullptr] 
2020-09-02 16:40:15,399 WARNING [default] Aborting application. Reason: Fatal log at [/home/smallville7123/AndroidCompositor/app/src/main/jni/GLIS/dependancies/pipeline/include/Hardware.hpp:234]
2020-09-02 16:51:05,855 FATAL [default] Check failed: [find_wire(wire_2) != nullptr] 
2020-09-02 16:51:05,855 WARNING [default] Aborting application. Reason: Fatal log at [/home/smallville7123/AndroidCompositor/app/src/main/jni/GLIS/dependancies/pipeline/include/Hardware.hpp:234]
2020-09-02 16:51:33,469 FATAL [default] Check failed: [find_wire(wire_2) != nullptr] 
2020-09-02 16:51:33,469 WARNING [default] Aborting application. Reason: Fatal log at [/home/smallville7123/AndroidCompositor/app/src/main/jni/GLIS/dependancies/pipeline/include/Hardware.hpp:234]
2020-09-02 16:51:45,905 FATAL [default] Check failed: [out == nullptr] broken wire
2020-09-02 16:51:45,906 WARNING [default] Aborting application. Reason: Fatal log at [/home/smallville7123/AndroidCompositor/app/src/main/jni/GLIS/dependancies/pipeline/include/Hardware.hpp:245]
2020-09-02 16:52:13,590 FATAL [default] Check failed: [find_wire(wire_2) != nullptr] 
2020-09-02 16:52:13,590 WARNING [default] Aborting application. Reason: Fatal log at [/home/smallville7123/AndroidCompositor/app/src/main/jni/GLIS/dependancies/pipeline/include/Hardware.hpp:234]
2020-09-02 16:53:22,887 FATAL [default] Check failed: [find_wire(wire_2) != nullptr] wire Fdoes not exist
2020-09-02 16:53:22,887 WARNING [default] Aborting application. Reason: Fatal log at [/home/smallville7123/AndroidCompositor/app/src/main/jni/GLIS/dependancies/pipeline/include/Hardware.hpp:234]
2020-09-02 16:53:41,762 FATAL [default] Check failed: [find_wire(wire_2) != nullptr] wire `F` does not exist
2020-09-02 16:53:41,762 WARNING [default] Aborting application. Reason: Fatal log at [/home/smallville7123/AndroidCompositor/app/src/main/jni/GLIS/dependancies/pipeline/include/Hardware.hpp:234]
2020-09-02 16:53:55,689 FATAL [default] Check failed: [find_wire(wire_2) != nullptr] wire "F" does not exist
2020-09-02 16:53:55,689 WARNING [default] Aborting application. Reason: Fatal log at [/home/smallville7123/AndroidCompositor/app/src/main/jni/GLIS/dependancies/pipeline/include/Hardware.hpp:234]
2020-09-02 16:54:10,748 FATAL [default] Check failed: [find_wire(wire_2) != nullptr] wire [F] does not exist
2020-09-02 16:54:10,748 WARNING [default] Aborting application. Reason: Fatal log at [/home/smallville7123/AndroidCompositor/app/src/main/jni/GLIS/dependancies/pipeline/include/Hardware.hpp:234]
2020-09-02 16:54:28,171 FATAL [default] Check failed: [find_wire(wire_2) != nullptr] wire does not exist: F
2020-09-02 16:54:28,172 WARNING [default] Aborting application. Reason: Fatal log at [/home/smallville7123/AndroidCompositor/app/src/main/jni/GLIS/dependancies/pipeline/include/Hardware.hpp:234]
2020-09-02 16:54:58,802 FATAL [default] Check failed: [find_wire(wire_2) != nullptr] wire does not exist: F
2020-09-02 16:54:58,802 WARNING [default] Aborting application. Reason: Fatal log at [/home/smallville7123/AndroidCompositor/app/src/main/jni/GLIS/dependancies/pipeline/include/Hardware.hpp:234]
2020-09-02 16:55:09,045 FATAL [default] Check failed: [find_wire(wire_2) != nullptr] wire does not exist: F
2020-09-02 16:55:09,045 WARNING [default] Aborting application. Reason: Fatal log at [/home/smallville7123/AndroidCompositor/app/src/main/jni/GLIS/dependancies/pipeline/include/Hardware.hpp:234]
2020-09-02 17:02:55,050 FATAL [default] Check failed: [find_wire(wire_2) != nullptr] wire does not exist: F
2020-09-02 17:02:55,051 WARNING [default] Aborting application. Reason: Fatal log at [/home/smallville7123/AndroidCompositor/app/src/main/jni/GLIS/dependancies/pipeline/include/Hardware.hpp:234]
2020-09-02 17:22:18,246 FATAL [default] Check failed: [find_wire(wire_2) != nullptr] wire does not exist: F
2020-09-02 17:22:18,247 WARNING [default] Aborting application. Reason: Fatal log at [/home/smallville7123/AndroidCompositor/app/src/main/jni/GLIS/dependancies/pipeline/include/Hardware.hpp:234]
2020-09-02 17:25:11,385 FATAL [default] Check failed: [find_wire(wire_2) != nullptr] wire does not exist: F
2020-09-02 17:25:11,386 WARNING [default] Aborting application. Reason: Fatal log at [/home/smallville7123/AndroidCompositor/app/src/main/jni/GLIS/dependancies/pipeline/include/Hardware.hpp:234]
2020-09-02 17:29:43,937 FATAL [default] Check failed: [find_wire(wire_2) != nullptr] wire does not exist: F
2020-09-02 17:29:43,938 WARNING [default] Aborting application. Reason: Fatal log at [/home/smallville7123/AndroidCompositor/app/src/main/jni/GLIS/dependancies/pipeline/include/Hardware.hpp:234]
2020-09-02 18:03:13,164 FATAL [default] Check failed: [find_wire(wire_2) != nullptr] wire does not exist: F
2020-09-02 18:03:13,165 WARNING [default] Aborting application. Reason: Fatal log at [/home/smallville7123/AndroidCompositor/app/src/main/jni/GLIS/dependancies/pipeline/include/Hardware.hpp:234]
